<?xml version="1.0" encoding="UTF-8"?>
<robot generator="Robot 7.1.1 (Python 3.12.1 on win32)" generated="2024-12-01T23:15:10.856359" rpa="false" schemaversion="5">
<suite id="s1" name="consumoDadosInvalidos" source="C:\Users\Usuario\AcquaSense\testes\consumoDadosInvalidos.robot">
<test id="s1-t1" name="Cenário 1: Inicializando o Hive MQ" line="59">
<kw name="Abrir hiveMQ">
<kw name="Open Browser" owner="SeleniumLibrary">
<msg time="2024-12-01T23:15:11.171043" level="INFO">Opening browser 'chrome' to base url 'https://www.hivemq.com/demos/websocket-client/'.</msg>
<arg>https://www.hivemq.com/demos/websocket-client/</arg>
<arg>chrome</arg>
<doc>Opens a new browser instance to the optional ``url``.</doc>
<status status="PASS" start="2024-12-01T23:15:11.171043" elapsed="2.043361"/>
</kw>
<kw name="Maximize Browser Window" owner="SeleniumLibrary">
<doc>Maximizes current browser window.</doc>
<status status="PASS" start="2024-12-01T23:15:13.214404" elapsed="0.509300"/>
</kw>
<kw name="Sleep" owner="BuiltIn">
<msg time="2024-12-01T23:15:15.724264" level="INFO">Slept 2 seconds.</msg>
<arg>2s</arg>
<doc>Pauses the test executed for the given time.</doc>
<status status="PASS" start="2024-12-01T23:15:13.723762" elapsed="2.000502"/>
</kw>
<kw name="Capture Page Screenshot" owner="SeleniumLibrary">
<msg time="2024-12-01T23:15:15.810285" level="INFO" html="true">&lt;/td&gt;&lt;/tr&gt;&lt;tr&gt;&lt;td colspan="3"&gt;&lt;a href="hiveMQ_homepage.png"&gt;&lt;img src="hiveMQ_homepage.png" width="800px"&gt;&lt;/a&gt;</msg>
<arg>hiveMQ_homepage.png</arg>
<doc>Takes a screenshot of the current page and embeds it into a log file.</doc>
<status status="PASS" start="2024-12-01T23:15:15.724264" elapsed="0.086021"/>
</kw>
<status status="PASS" start="2024-12-01T23:15:11.171043" elapsed="4.639242"/>
</kw>
<kw name="Conectando o hiveMQ">
<kw name="Click Element" owner="SeleniumLibrary">
<msg time="2024-12-01T23:15:15.810285" level="INFO">Clicking element 'id:connectButton'.</msg>
<arg>${button_connect}</arg>
<doc>Click the element identified by ``locator``.</doc>
<status status="PASS" start="2024-12-01T23:15:15.810285" elapsed="0.103545"/>
</kw>
<kw name="Sleep" owner="BuiltIn">
<msg time="2024-12-01T23:15:17.915520" level="INFO">Slept 2 seconds.</msg>
<arg>2s</arg>
<doc>Pauses the test executed for the given time.</doc>
<status status="PASS" start="2024-12-01T23:15:15.913830" elapsed="2.001690"/>
</kw>
<kw name="Capture Page Screenshot" owner="SeleniumLibrary">
<msg time="2024-12-01T23:15:18.009941" level="INFO" html="true">&lt;/td&gt;&lt;/tr&gt;&lt;tr&gt;&lt;td colspan="3"&gt;&lt;a href="hiveMQ_connected.png"&gt;&lt;img src="hiveMQ_connected.png" width="800px"&gt;&lt;/a&gt;</msg>
<arg>hiveMQ_connected.png</arg>
<doc>Takes a screenshot of the current page and embeds it into a log file.</doc>
<status status="PASS" start="2024-12-01T23:15:17.915520" elapsed="0.094421"/>
</kw>
<status status="PASS" start="2024-12-01T23:15:15.810285" elapsed="2.199656"/>
</kw>
<kw name="Adicionando novo topico">
<kw name="Input Text" owner="SeleniumLibrary">
<msg time="2024-12-01T23:15:18.010937" level="INFO">Typing text 'teste/acquasense' into text field 'id:publishTopic'.</msg>
<arg>${input_topic}</arg>
<arg>teste/acquasense</arg>
<doc>Types the given ``text`` into the text field identified by ``locator``.</doc>
<status status="PASS" start="2024-12-01T23:15:18.010937" elapsed="0.182647"/>
</kw>
<kw name="Sleep" owner="BuiltIn">
<msg time="2024-12-01T23:15:20.195309" level="INFO">Slept 2 seconds.</msg>
<arg>2s</arg>
<doc>Pauses the test executed for the given time.</doc>
<status status="PASS" start="2024-12-01T23:15:18.193584" elapsed="2.001725"/>
</kw>
<kw name="Click Element" owner="SeleniumLibrary">
<msg time="2024-12-01T23:15:20.195309" level="INFO">Clicking element 'id:addSubButton'.</msg>
<arg>${button_add_subs}</arg>
<doc>Click the element identified by ``locator``.</doc>
<status status="PASS" start="2024-12-01T23:15:20.195309" elapsed="0.105840"/>
</kw>
<kw name="Sleep" owner="BuiltIn">
<msg time="2024-12-01T23:15:22.302720" level="INFO">Slept 2 seconds.</msg>
<arg>2s</arg>
<doc>Pauses the test executed for the given time.</doc>
<status status="PASS" start="2024-12-01T23:15:20.302108" elapsed="2.000612"/>
</kw>
<kw name="Capture Page Screenshot" owner="SeleniumLibrary">
<msg time="2024-12-01T23:15:22.393378" level="INFO" html="true">&lt;/td&gt;&lt;/tr&gt;&lt;tr&gt;&lt;td colspan="3"&gt;&lt;a href="hiveMQ_add_topic.png"&gt;&lt;img src="hiveMQ_add_topic.png" width="800px"&gt;&lt;/a&gt;</msg>
<arg>hiveMQ_add_topic.png</arg>
<doc>Takes a screenshot of the current page and embeds it into a log file.</doc>
<status status="PASS" start="2024-12-01T23:15:22.302720" elapsed="0.090658"/>
</kw>
<kw name="Input Text" owner="SeleniumLibrary">
<msg time="2024-12-01T23:15:22.403296" level="INFO">Typing text 'teste/acquasense' into text field 'id:subscribeTopic'.</msg>
<arg>${input_subscribe}</arg>
<arg>teste/acquasense</arg>
<doc>Types the given ``text`` into the text field identified by ``locator``.</doc>
<status status="PASS" start="2024-12-01T23:15:22.403296" elapsed="0.145653"/>
</kw>
<kw name="Sleep" owner="BuiltIn">
<msg time="2024-12-01T23:15:24.549168" level="INFO">Slept 2 seconds.</msg>
<arg>2s</arg>
<doc>Pauses the test executed for the given time.</doc>
<status status="PASS" start="2024-12-01T23:15:22.548949" elapsed="2.000219"/>
</kw>
<kw name="Click Element" owner="SeleniumLibrary">
<msg time="2024-12-01T23:15:24.549168" level="INFO">Clicking element 'id:subscribeButton'.</msg>
<arg>${button_subscribe}</arg>
<doc>Click the element identified by ``locator``.</doc>
<status status="PASS" start="2024-12-01T23:15:24.549168" elapsed="0.100105"/>
</kw>
<kw name="Sleep" owner="BuiltIn">
<msg time="2024-12-01T23:15:26.649368" level="INFO">Slept 2 seconds.</msg>
<arg>2s</arg>
<doc>Pauses the test executed for the given time.</doc>
<status status="PASS" start="2024-12-01T23:15:24.649273" elapsed="2.000095"/>
</kw>
<kw name="Capture Page Screenshot" owner="SeleniumLibrary">
<msg time="2024-12-01T23:15:26.743962" level="INFO" html="true">&lt;/td&gt;&lt;/tr&gt;&lt;tr&gt;&lt;td colspan="3"&gt;&lt;a href="hiveMQ_subscribed.png"&gt;&lt;img src="hiveMQ_subscribed.png" width="800px"&gt;&lt;/a&gt;</msg>
<arg>hiveMQ_subscribed.png</arg>
<doc>Takes a screenshot of the current page and embeds it into a log file.</doc>
<status status="PASS" start="2024-12-01T23:15:26.649368" elapsed="0.098201"/>
</kw>
<status status="PASS" start="2024-12-01T23:15:18.010937" elapsed="8.736632"/>
</kw>
<kw name="Enviando mensagens">
<for flavor="IN RANGE">
<iter>
<kw name="Input Text" owner="SeleniumLibrary">
<msg time="2024-12-01T23:15:26.749832" level="INFO">Typing text '-5' into text field 'id:publishPayload'.</msg>
<arg>${textarea_message}</arg>
<arg>${i}</arg>
<doc>Types the given ``text`` into the text field identified by ``locator``.</doc>
<status status="PASS" start="2024-12-01T23:15:26.748829" elapsed="0.109815"/>
</kw>
<kw name="Click Element" owner="SeleniumLibrary">
<msg time="2024-12-01T23:15:26.859653" level="INFO">Clicking element 'id:publishButton'.</msg>
<arg>${button_send}</arg>
<doc>Click the element identified by ``locator``.</doc>
<status status="PASS" start="2024-12-01T23:15:26.859653" elapsed="0.067752"/>
</kw>
<kw name="Sleep" owner="BuiltIn">
<msg time="2024-12-01T23:15:28.927725" level="INFO">Slept 2 seconds.</msg>
<arg>2s</arg>
<doc>Pauses the test executed for the given time.</doc>
<status status="PASS" start="2024-12-01T23:15:26.927405" elapsed="2.000320"/>
</kw>
<kw name="Capture Page Screenshot" owner="SeleniumLibrary">
<msg time="2024-12-01T23:15:29.026150" level="INFO" html="true">&lt;/td&gt;&lt;/tr&gt;&lt;tr&gt;&lt;td colspan="3"&gt;&lt;a href="hiveMQ_message_-5.png"&gt;&lt;img src="hiveMQ_message_-5.png" width="800px"&gt;&lt;/a&gt;</msg>
<arg>hiveMQ_message_${i}.png</arg>
<doc>Takes a screenshot of the current page and embeds it into a log file.</doc>
<status status="PASS" start="2024-12-01T23:15:28.927725" elapsed="0.098425"/>
</kw>
<var name="${i}">-5</var>
<status status="PASS" start="2024-12-01T23:15:26.748829" elapsed="2.277321"/>
</iter>
<iter>
<kw name="Input Text" owner="SeleniumLibrary">
<msg time="2024-12-01T23:15:29.026658" level="INFO">Typing text '-4' into text field 'id:publishPayload'.</msg>
<arg>${textarea_message}</arg>
<arg>${i}</arg>
<doc>Types the given ``text`` into the text field identified by ``locator``.</doc>
<status status="PASS" start="2024-12-01T23:15:29.026658" elapsed="0.094907"/>
</kw>
<kw name="Click Element" owner="SeleniumLibrary">
<msg time="2024-12-01T23:15:29.121565" level="INFO">Clicking element 'id:publishButton'.</msg>
<arg>${button_send}</arg>
<doc>Click the element identified by ``locator``.</doc>
<status status="PASS" start="2024-12-01T23:15:29.121565" elapsed="0.062056"/>
</kw>
<kw name="Sleep" owner="BuiltIn">
<msg time="2024-12-01T23:15:31.184533" level="INFO">Slept 2 seconds.</msg>
<arg>2s</arg>
<doc>Pauses the test executed for the given time.</doc>
<status status="PASS" start="2024-12-01T23:15:29.183621" elapsed="2.000912"/>
</kw>
<kw name="Capture Page Screenshot" owner="SeleniumLibrary">
<msg time="2024-12-01T23:15:31.319271" level="INFO" html="true">&lt;/td&gt;&lt;/tr&gt;&lt;tr&gt;&lt;td colspan="3"&gt;&lt;a href="hiveMQ_message_-4.png"&gt;&lt;img src="hiveMQ_message_-4.png" width="800px"&gt;&lt;/a&gt;</msg>
<arg>hiveMQ_message_${i}.png</arg>
<doc>Takes a screenshot of the current page and embeds it into a log file.</doc>
<status status="PASS" start="2024-12-01T23:15:31.184533" elapsed="0.134738"/>
</kw>
<var name="${i}">-4</var>
<status status="PASS" start="2024-12-01T23:15:29.026658" elapsed="2.292613"/>
</iter>
<iter>
<kw name="Input Text" owner="SeleniumLibrary">
<msg time="2024-12-01T23:15:31.319271" level="INFO">Typing text '-3' into text field 'id:publishPayload'.</msg>
<arg>${textarea_message}</arg>
<arg>${i}</arg>
<doc>Types the given ``text`` into the text field identified by ``locator``.</doc>
<status status="PASS" start="2024-12-01T23:15:31.319271" elapsed="0.102982"/>
</kw>
<kw name="Click Element" owner="SeleniumLibrary">
<msg time="2024-12-01T23:15:31.424755" level="INFO">Clicking element 'id:publishButton'.</msg>
<arg>${button_send}</arg>
<doc>Click the element identified by ``locator``.</doc>
<status status="PASS" start="2024-12-01T23:15:31.424755" elapsed="0.059301"/>
</kw>
<kw name="Sleep" owner="BuiltIn">
<msg time="2024-12-01T23:15:33.484500" level="INFO">Slept 2 seconds.</msg>
<arg>2s</arg>
<doc>Pauses the test executed for the given time.</doc>
<status status="PASS" start="2024-12-01T23:15:31.484056" elapsed="2.000444"/>
</kw>
<kw name="Capture Page Screenshot" owner="SeleniumLibrary">
<msg time="2024-12-01T23:15:33.593549" level="INFO" html="true">&lt;/td&gt;&lt;/tr&gt;&lt;tr&gt;&lt;td colspan="3"&gt;&lt;a href="hiveMQ_message_-3.png"&gt;&lt;img src="hiveMQ_message_-3.png" width="800px"&gt;&lt;/a&gt;</msg>
<arg>hiveMQ_message_${i}.png</arg>
<doc>Takes a screenshot of the current page and embeds it into a log file.</doc>
<status status="PASS" start="2024-12-01T23:15:33.484500" elapsed="0.109049"/>
</kw>
<var name="${i}">-3</var>
<status status="PASS" start="2024-12-01T23:15:31.319271" elapsed="2.274278"/>
</iter>
<iter>
<kw name="Input Text" owner="SeleniumLibrary">
<msg time="2024-12-01T23:15:33.593549" level="INFO">Typing text '-2' into text field 'id:publishPayload'.</msg>
<arg>${textarea_message}</arg>
<arg>${i}</arg>
<doc>Types the given ``text`` into the text field identified by ``locator``.</doc>
<status status="PASS" start="2024-12-01T23:15:33.593549" elapsed="0.106403"/>
</kw>
<kw name="Click Element" owner="SeleniumLibrary">
<msg time="2024-12-01T23:15:33.699952" level="INFO">Clicking element 'id:publishButton'.</msg>
<arg>${button_send}</arg>
<doc>Click the element identified by ``locator``.</doc>
<status status="PASS" start="2024-12-01T23:15:33.699952" elapsed="0.062639"/>
</kw>
<kw name="Sleep" owner="BuiltIn">
<msg time="2024-12-01T23:15:35.763286" level="INFO">Slept 2 seconds.</msg>
<arg>2s</arg>
<doc>Pauses the test executed for the given time.</doc>
<status status="PASS" start="2024-12-01T23:15:33.762591" elapsed="2.000695"/>
</kw>
<kw name="Capture Page Screenshot" owner="SeleniumLibrary">
<msg time="2024-12-01T23:15:35.859166" level="INFO" html="true">&lt;/td&gt;&lt;/tr&gt;&lt;tr&gt;&lt;td colspan="3"&gt;&lt;a href="hiveMQ_message_-2.png"&gt;&lt;img src="hiveMQ_message_-2.png" width="800px"&gt;&lt;/a&gt;</msg>
<arg>hiveMQ_message_${i}.png</arg>
<doc>Takes a screenshot of the current page and embeds it into a log file.</doc>
<status status="PASS" start="2024-12-01T23:15:35.763286" elapsed="0.095880"/>
</kw>
<var name="${i}">-2</var>
<status status="PASS" start="2024-12-01T23:15:33.593549" elapsed="2.266194"/>
</iter>
<var>${i}</var>
<value>-5</value>
<value>-1</value>
<status status="PASS" start="2024-12-01T23:15:26.748829" elapsed="9.110914"/>
</for>
<for flavor="IN RANGE">
<iter>
<kw name="Input Text" owner="SeleniumLibrary">
<msg time="2024-12-01T23:15:35.860613" level="INFO">Typing text 'Teste' into text field 'id:publishPayload'.</msg>
<arg>${textarea_message}</arg>
<arg>Teste</arg>
<doc>Types the given ``text`` into the text field identified by ``locator``.</doc>
<status status="PASS" start="2024-12-01T23:15:35.859743" elapsed="0.101315"/>
</kw>
<kw name="Click Element" owner="SeleniumLibrary">
<msg time="2024-12-01T23:15:35.961058" level="INFO">Clicking element 'id:publishButton'.</msg>
<arg>${button_send}</arg>
<doc>Click the element identified by ``locator``.</doc>
<status status="PASS" start="2024-12-01T23:15:35.961058" elapsed="0.060112"/>
</kw>
<kw name="Sleep" owner="BuiltIn">
<msg time="2024-12-01T23:15:38.021857" level="INFO">Slept 2 seconds.</msg>
<arg>2s</arg>
<doc>Pauses the test executed for the given time.</doc>
<status status="PASS" start="2024-12-01T23:15:36.021170" elapsed="2.000687"/>
</kw>
<var name="${i}">0</var>
<status status="PASS" start="2024-12-01T23:15:35.859743" elapsed="2.162114"/>
</iter>
<iter>
<kw name="Input Text" owner="SeleniumLibrary">
<msg time="2024-12-01T23:15:38.021857" level="INFO">Typing text 'Teste' into text field 'id:publishPayload'.</msg>
<arg>${textarea_message}</arg>
<arg>Teste</arg>
<doc>Types the given ``text`` into the text field identified by ``locator``.</doc>
<status status="PASS" start="2024-12-01T23:15:38.021857" elapsed="0.114624"/>
</kw>
<kw name="Click Element" owner="SeleniumLibrary">
<msg time="2024-12-01T23:15:38.137644" level="INFO">Clicking element 'id:publishButton'.</msg>
<arg>${button_send}</arg>
<doc>Click the element identified by ``locator``.</doc>
<status status="PASS" start="2024-12-01T23:15:38.137644" elapsed="0.059498"/>
</kw>
<kw name="Sleep" owner="BuiltIn">
<msg time="2024-12-01T23:15:40.197295" level="INFO">Slept 2 seconds.</msg>
<arg>2s</arg>
<doc>Pauses the test executed for the given time.</doc>
<status status="PASS" start="2024-12-01T23:15:38.197142" elapsed="2.000153"/>
</kw>
<var name="${i}">1</var>
<status status="PASS" start="2024-12-01T23:15:38.021857" elapsed="2.175438"/>
</iter>
<var>${i}</var>
<value>0</value>
<value>2</value>
<status status="PASS" start="2024-12-01T23:15:35.859743" elapsed="4.338389"/>
</for>
<kw name="Capture Page Screenshot" owner="SeleniumLibrary">
<msg time="2024-12-01T23:15:40.317828" level="INFO" html="true">&lt;/td&gt;&lt;/tr&gt;&lt;tr&gt;&lt;td colspan="3"&gt;&lt;a href="hiveMQ_message_TESTE.png"&gt;&lt;img src="hiveMQ_message_TESTE.png" width="800px"&gt;&lt;/a&gt;</msg>
<arg>hiveMQ_message_TESTE.png</arg>
<doc>Takes a screenshot of the current page and embeds it into a log file.</doc>
<status status="PASS" start="2024-12-01T23:15:40.198132" elapsed="0.119696"/>
</kw>
<status status="PASS" start="2024-12-01T23:15:26.747569" elapsed="13.570259"/>
</kw>
<status status="PASS" start="2024-12-01T23:15:11.171043" elapsed="29.146785"/>
</test>
<status status="PASS" start="2024-12-01T23:15:10.857411" elapsed="29.462540"/>
</suite>
<statistics>
<total>
<stat pass="1" fail="0" skip="0">All Tests</stat>
</total>
<tag>
</tag>
<suite>
<stat pass="1" fail="0" skip="0" id="s1" name="consumoDadosInvalidos">consumoDadosInvalidos</stat>
</suite>
</statistics>
<errors>
</errors>
</robot>
