<?xml version="1.0" encoding="UTF-8"?>
<robot generator="Robot 7.1.1 (Python 3.8.2 on win32)" generated="2024-11-21T20:12:07.054261" rpa="false" schemaversion="5">
<suite id="s1" name="Noti Robot" source="C:\Users\lucas\OneDrive\Documentos\FACULDADE\4 semestre\Projeto aplic plataforma web\AcquaSense\AcquaSense React\src\components\Notification\Notirobot\noti_robot.robot">
<test id="s1-t1" name="Teste de Acesso à Rota Notificação Sem Login" line="27">
<kw name="Dado que tento acessar a rota de notificação sem login">
<kw name="Acessar Notificação">
<kw name="Open Browser" owner="SeleniumLibrary">
<msg time="2024-11-21T20:12:07.370429" level="INFO">Opening browser 'chrome' to base url 'http://localhost:3000/Notification'.</msg>
<arg>${url}</arg>
<arg>chrome</arg>
<doc>Opens a new browser instance to the optional ``url``.</doc>
<status status="PASS" start="2024-11-21T20:12:07.370429" elapsed="3.511364"/>
</kw>
<kw name="Maximize Browser Window" owner="SeleniumLibrary">
<doc>Maximizes current browser window.</doc>
<status status="PASS" start="2024-11-21T20:12:10.881793" elapsed="0.031914"/>
</kw>
<kw name="Capture Page Screenshot" owner="SeleniumLibrary">
<msg time="2024-11-21T20:12:11.078539" level="INFO" html="true">&lt;/td&gt;&lt;/tr&gt;&lt;tr&gt;&lt;td colspan="3"&gt;&lt;a href="selenium-screenshot-7.png"&gt;&lt;img src="selenium-screenshot-7.png" width="800px"&gt;&lt;/a&gt;</msg>
<doc>Takes a screenshot of the current page and embeds it into a log file.</doc>
<status status="PASS" start="2024-11-21T20:12:10.914707" elapsed="0.163832"/>
</kw>
<kw name="Sleep" owner="BuiltIn">
<msg time="2024-11-21T20:12:16.082360" level="INFO">Slept 5 seconds.</msg>
<arg>5s</arg>
<doc>Pauses the test executed for the given time.</doc>
<status status="PASS" start="2024-11-21T20:12:11.079541" elapsed="5.002819"/>
</kw>
<arg>${url}</arg>
<status status="PASS" start="2024-11-21T20:12:07.369431" elapsed="8.713975"/>
</kw>
<arg>${notification.url_notification}</arg>
<status status="PASS" start="2024-11-21T20:12:07.368445" elapsed="8.714961"/>
</kw>
<kw name="Então sou redirecionado para a tela de login">
<kw name="Verificar Redirecionamento">
<kw name="Get Location" owner="SeleniumLibrary">
<msg time="2024-11-21T20:12:16.100992" level="INFO">${current_url} = http://localhost:3000/login</msg>
<var>${current_url}</var>
<doc>Returns the current browser window URL.</doc>
<status status="PASS" start="2024-11-21T20:12:16.087354" elapsed="0.013638"/>
</kw>
<kw name="Log" owner="BuiltIn">
<msg time="2024-11-21T20:12:16.100992" level="INFO">A página atual é: http://localhost:3000/login</msg>
<arg>A página atual é: ${current_url}</arg>
<doc>Logs the given message with the given level.</doc>
<status status="PASS" start="2024-11-21T20:12:16.100992" elapsed="0.000000"/>
</kw>
<kw name="Should Be Equal As Strings" owner="BuiltIn">
<arg>${current_url}</arg>
<arg>${login.url_login}</arg>
<doc>Fails if objects are unequal after converting them to strings.</doc>
<status status="PASS" start="2024-11-21T20:12:16.101989" elapsed="0.000000"/>
</kw>
<kw name="Capture Page Screenshot" owner="SeleniumLibrary">
<msg time="2024-11-21T20:12:16.335490" level="INFO" html="true">&lt;/td&gt;&lt;/tr&gt;&lt;tr&gt;&lt;td colspan="3"&gt;&lt;a href="selenium-screenshot-8.png"&gt;&lt;img src="selenium-screenshot-8.png" width="800px"&gt;&lt;/a&gt;</msg>
<doc>Takes a screenshot of the current page and embeds it into a log file.</doc>
<status status="PASS" start="2024-11-21T20:12:16.102988" elapsed="0.232502"/>
</kw>
<status status="PASS" start="2024-11-21T20:12:16.086357" elapsed="0.249133"/>
</kw>
<status status="PASS" start="2024-11-21T20:12:16.085360" elapsed="0.250130"/>
</kw>
<kw name="Close Browser" owner="SeleniumLibrary">
<doc>Closes the current browser.</doc>
<status status="PASS" start="2024-11-21T20:12:16.336486" elapsed="2.102345"/>
</kw>
<status status="PASS" start="2024-11-21T20:12:07.367418" elapsed="11.071413"/>
</test>
<status status="PASS" start="2024-11-21T20:12:07.055258" elapsed="11.384524"/>
</suite>
<statistics>
<total>
<stat pass="1" fail="0" skip="0">All Tests</stat>
</total>
<tag>
</tag>
<suite>
<stat pass="1" fail="0" skip="0" id="s1" name="Noti Robot">Noti Robot</stat>
</suite>
</statistics>
<errors>
</errors>
</robot>
