<?xml version="1.0" encoding="UTF-8"?>
<robot generator="Robot 7.1.1 (Python 3.8.2 on win32)" generated="2024-11-21T20:38:54.668099" rpa="false" schemaversion="5">
<suite id="s1" name="TestThemeToggle" source="C:\Users\lucas\OneDrive\Documentos\FACULDADE\4 semestre\Projeto aplic plataforma web\AcquaSense\AcquaSense React\src\components\AcquaNav\TestThemeToggle.robot">
<test id="s1-t1" name="Teste Alternar Tema" line="22">
<kw name="Given que estou na tela principal">
<kw name="Acessar sistema">
<kw name="Open Browser" owner="SeleniumLibrary">
<msg time="2024-11-21T20:38:55.186565" level="INFO">Opening browser 'chrome' to base url 'http://localhost:3000/'.</msg>
<arg>${url}</arg>
<arg>chrome</arg>
<doc>Opens a new browser instance to the optional ``url``.</doc>
<status status="PASS" start="2024-11-21T20:38:55.185567" elapsed="4.743027"/>
</kw>
<kw name="Maximize Browser Window" owner="SeleniumLibrary">
<doc>Maximizes current browser window.</doc>
<status status="PASS" start="2024-11-21T20:38:59.928594" elapsed="0.049873"/>
</kw>
<kw name="Capture Page Screenshot" owner="SeleniumLibrary">
<msg time="2024-11-21T20:39:00.415479" level="INFO" html="true">&lt;/td&gt;&lt;/tr&gt;&lt;tr&gt;&lt;td colspan="3"&gt;&lt;a href="selenium-screenshot-1.png"&gt;&lt;img src="selenium-screenshot-1.png" width="800px"&gt;&lt;/a&gt;</msg>
<doc>Takes a screenshot of the current page and embeds it into a log file.</doc>
<status status="PASS" start="2024-11-21T20:38:59.981457" elapsed="0.434022"/>
</kw>
<arg>${url}</arg>
<status status="PASS" start="2024-11-21T20:38:55.185567" elapsed="5.229912"/>
</kw>
<arg>${tema.url_acqua}</arg>
<status status="PASS" start="2024-11-21T20:38:55.184570" elapsed="5.230909"/>
</kw>
<kw name="When clico para ativar o modo escuro">
<kw name="Realizar clique">
<kw name="Click Element" owner="SeleniumLibrary">
<msg time="2024-11-21T20:39:00.417462" level="INFO">Clicking element '//button[contains(.,'Modo Escuro')]'.</msg>
<arg>${locator}</arg>
<doc>Click the element identified by ``locator``.</doc>
<status status="PASS" start="2024-11-21T20:39:00.416466" elapsed="0.079486"/>
</kw>
<arg>${locator}</arg>
<status status="PASS" start="2024-11-21T20:39:00.416466" elapsed="0.079572"/>
</kw>
<arg>${tema.btn_escuro}</arg>
<status status="PASS" start="2024-11-21T20:39:00.416298" elapsed="0.079740"/>
</kw>
<kw name="Sleep" owner="BuiltIn">
<msg time="2024-11-21T20:39:05.509163" level="INFO">Slept 5 seconds.</msg>
<arg>5s</arg>
<doc>Pauses the test executed for the given time.</doc>
<status status="PASS" start="2024-11-21T20:39:00.496038" elapsed="5.013125"/>
</kw>
<kw name="Capture Page Screenshot" owner="SeleniumLibrary">
<msg time="2024-11-21T20:39:05.943622" level="INFO" html="true">&lt;/td&gt;&lt;/tr&gt;&lt;tr&gt;&lt;td colspan="3"&gt;&lt;a href="selenium-screenshot-2.png"&gt;&lt;img src="selenium-screenshot-2.png" width="800px"&gt;&lt;/a&gt;</msg>
<doc>Takes a screenshot of the current page and embeds it into a log file.</doc>
<status status="PASS" start="2024-11-21T20:39:05.510156" elapsed="0.433466"/>
</kw>
<kw name="When clico para ativar o modo claro">
<kw name="Realizar clique">
<kw name="Click Element" owner="SeleniumLibrary">
<msg time="2024-11-21T20:39:05.946941" level="INFO">Clicking element '//button[contains(.,'Modo Claro')]'.</msg>
<arg>${locator}</arg>
<doc>Click the element identified by ``locator``.</doc>
<status status="PASS" start="2024-11-21T20:39:05.945977" elapsed="0.067616"/>
</kw>
<arg>${locator}</arg>
<status status="PASS" start="2024-11-21T20:39:05.945977" elapsed="0.068613"/>
</kw>
<arg>${tema.btn_claro}</arg>
<status status="PASS" start="2024-11-21T20:39:05.944962" elapsed="0.069628"/>
</kw>
<kw name="Sleep" owner="BuiltIn">
<msg time="2024-11-21T20:39:11.028061" level="INFO">Slept 5 seconds.</msg>
<arg>5s</arg>
<doc>Pauses the test executed for the given time.</doc>
<status status="PASS" start="2024-11-21T20:39:06.014590" elapsed="5.013471"/>
</kw>
<kw name="Capture Page Screenshot" owner="SeleniumLibrary">
<msg time="2024-11-21T20:39:11.461718" level="INFO" html="true">&lt;/td&gt;&lt;/tr&gt;&lt;tr&gt;&lt;td colspan="3"&gt;&lt;a href="selenium-screenshot-3.png"&gt;&lt;img src="selenium-screenshot-3.png" width="800px"&gt;&lt;/a&gt;</msg>
<doc>Takes a screenshot of the current page and embeds it into a log file.</doc>
<status status="PASS" start="2024-11-21T20:39:11.028061" elapsed="0.433657"/>
</kw>
<status status="PASS" start="2024-11-21T20:38:55.183572" elapsed="16.279144"/>
</test>
<status status="PASS" start="2024-11-21T20:38:54.669095" elapsed="16.794619"/>
</suite>
<statistics>
<total>
<stat pass="1" fail="0" skip="0">All Tests</stat>
</total>
<tag>
</tag>
<suite>
<stat pass="1" fail="0" skip="0" id="s1" name="TestThemeToggle">TestThemeToggle</stat>
</suite>
</statistics>
<errors>
</errors>
</robot>
